<?xml version="1.0" encoding="UTF-8"?>
<!-- Generated by org.testng.reporters.JUnitXMLReporter -->
<testsuite ignored="0" hostname="Admin" failures="1" tests="2" name="validation of title" time="23.779" errors="0" timestamp="2020-10-04T12:06:42 IST">
  <testcase classname="RiyazProject.validationTitle" name="validateHeaderTitle" time="3.033"/>
  <testcase classname="RiyazProject.validationTitle" name="validateTitleLandingPage" time="1.175">
    <failure type="java.lang.AssertionError" message="expected [FEATURED COURSES123] but found [FEATURED COURSES]">
      <![CDATA[java.lang.AssertionError: expected [FEATURED COURSES123] but found [FEATURED COURSES]
at RiyazProject.validationTitle.validateTitleLandingPage(validationTitle.java:47)
at java.base/java.util.ArrayList.forEach(ArrayList.java:1511)
at java.base/java.util.concurrent.FutureTask.run(FutureTask.java:264)
at java.base/java.util.concurrent.ThreadPoolExecutor.runWorker(ThreadPoolExecutor.java:1130)
at java.base/java.util.concurrent.ThreadPoolExecutor$Worker.run(ThreadPoolExecutor.java:630)
at java.base/java.lang.Thread.run(Thread.java:832)
... Removed 24 stack frames]]>
    </failure>
  </testcase> <!-- validateTitleLandingPage -->
</testsuite> <!-- validation of title -->
